<?xml version="1.0" encoding="UTF-8"?>
<!-- Generated by org.testng.reporters.JUnitReportReporter -->
<testsuite skipped="0" hostname="DESKTOP-GIJ7VPF" name="com.ndtv.testcases.APITestCases" tests="2" failures="0" timestamp="10 Sep 2020 20:19:05 GMT" time="2.293" errors="0">
  <testcase name="extractResponseBody" time="0.000" classname="com.ndtv.testcases.APITestCases"/>
  <testcase name="weatherJsonResponse" time="2.293" classname="com.ndtv.testcases.APITestCases"/>
</testsuite> <!-- com.ndtv.testcases.APITestCases -->
