<?xml version="1.0" encoding="UTF-8"?>
<!-- Generated by org.testng.reporters.JUnitReportReporter -->
<testsuite skipped="0" hostname="DESKTOP-GIJ7VPF" name="com.ndtv.testcases.WebApplicationTestCases" tests="4" failures="0" timestamp="09 Sep 2020 07:50:02 GMT" time="39.089" errors="0">
  <testcase name="launchNDTV" time="4.187" classname="com.ndtv.testcases.WebApplicationTestCases"/>
  <testcase name="navigateToWeather" time="30.886" classname="com.ndtv.testcases.WebApplicationTestCases"/>
  <testcase name="validateCityOnMap" time="3.573" classname="com.ndtv.testcases.WebApplicationTestCases"/>
  <testcase name="captureTemp" time="0.443" classname="com.ndtv.testcases.WebApplicationTestCases"/>
</testsuite> <!-- com.ndtv.testcases.WebApplicationTestCases -->
