<?xml version="1.0" encoding="UTF-8"?>
<!-- Generated by org.testng.reporters.JUnitReportReporter -->
<testsuite skipped="0" hostname="DESKTOP-GIJ7VPF" name="com.ndtv.restAssured.ResponseToJavaObjectDeserialization" tests="1" failures="0" timestamp="09 Sep 2020 19:13:07 GMT" time="2.487" errors="0">
  <testcase name="weatherJsonResponse" time="2.487" classname="com.ndtv.restAssured.ResponseToJavaObjectDeserialization"/>
</testsuite> <!-- com.ndtv.restAssured.ResponseToJavaObjectDeserialization -->
