<?xml version="1.0" encoding="UTF-8"?>
<!-- Generated by org.testng.reporters.JUnitReportReporter -->
<testsuite skipped="0" hostname="DESKTOP-GIJ7VPF" name="com.ndtv.testcases.AppTest" tests="4" failures="0" timestamp="07 Sep 2020 19:12:00 GMT" time="12.016" errors="0">
  <testcase name="launchNDTV" time="4.027" classname="com.ndtv.testcases.AppTest"/>
  <testcase name="navigateToWeather" time="3.482" classname="com.ndtv.testcases.AppTest"/>
  <testcase name="validateCityOnMap" time="4.272" classname="com.ndtv.testcases.AppTest"/>
  <testcase name="captureTemp" time="0.235" classname="com.ndtv.testcases.AppTest"/>
</testsuite> <!-- com.ndtv.testcases.AppTest -->
