<?xml version="1.0" encoding="UTF-8"?>
<!-- Generated by org.testng.reporters.JUnitReportReporter -->
<testsuite skipped="0" hostname="DESKTOP-GIJ7VPF" name="Resources.ExtentReport" tests="1" failures="0" timestamp="08 Sep 2020 17:48:13 GMT" time="13.714" errors="0">
  <testcase name="extentReportsDemo" time="13.714" classname="Resources.ExtentReport"/>
</testsuite> <!-- Resources.ExtentReport -->
