<?xml version="1.0" encoding="UTF-8"?>
<!-- Generated by org.testng.reporters.JUnitReportReporter -->
<testsuite skipped="0" hostname="DESKTOP-GIJ7VPF" name="com.ndtv.testcases.WebApplicationTestCases" tests="4" failures="0" timestamp="13 Sep 2020 20:04:06 GMT" time="18.158" errors="0">
  <testcase name="validateCityOnMap" time="0.889" classname="com.ndtv.testcases.WebApplicationTestCases"/>
  <testcase name="captureTemp" time="0.894" classname="com.ndtv.testcases.WebApplicationTestCases"/>
  <testcase name="navigateToWeather" time="11.484" classname="com.ndtv.testcases.WebApplicationTestCases"/>
  <testcase name="launchNDTV" time="4.891" classname="com.ndtv.testcases.WebApplicationTestCases"/>
</testsuite> <!-- com.ndtv.testcases.WebApplicationTestCases -->
