<?xml version="1.0" encoding="UTF-8"?>
<!-- Generated by org.testng.reporters.JUnitReportReporter -->
<testsuite skipped="0" hostname="DESKTOP-GIJ7VPF" name="com.ndtv.testcases.WebApplicationTestCases" tests="4" failures="0" timestamp="09 Sep 2020 21:45:40 GMT" time="32.437" errors="0">
  <testcase name="navigateToWeather" time="22.534" classname="com.ndtv.testcases.WebApplicationTestCases"/>
  <testcase name="launchNDTV" time="8.250" classname="com.ndtv.testcases.WebApplicationTestCases"/>
  <testcase name="validateCityOnMap" time="1.345" classname="com.ndtv.testcases.WebApplicationTestCases"/>
  <testcase name="captureTemp" time="0.308" classname="com.ndtv.testcases.WebApplicationTestCases"/>
</testsuite> <!-- com.ndtv.testcases.WebApplicationTestCases -->
