<?xml version="1.0" encoding="UTF-8"?>
<!-- Generated by org.testng.reporters.JUnitReportReporter -->
<testsuite skipped="0" hostname="DESKTOP-GIJ7VPF" name="Automation.Framework.AppTest" tests="1" failures="0" timestamp="07 Sep 2020 16:01:08 GMT" time="11.400" errors="0">
  <testcase name="FirstTestCase" time="11.400" classname="Automation.Framework.AppTest"/>
</testsuite> <!-- Automation.Framework.AppTest -->
