<?xml version="1.0" encoding="UTF-8"?>
<!-- Generated by org.testng.reporters.JUnitReportReporter -->
<testsuite skipped="0" hostname="DESKTOP-GIJ7VPF" name="com.ndtv.testcases.WebApplicationTestCases" tests="4" failures="0" timestamp="10 Sep 2020 20:19:05 GMT" time="15.317" errors="0">
  <testcase name="validateCityOnMap" time="0.686" classname="com.ndtv.testcases.WebApplicationTestCases"/>
  <testcase name="navigateToWeather" time="7.186" classname="com.ndtv.testcases.WebApplicationTestCases"/>
  <testcase name="launchNDTV" time="6.881" classname="com.ndtv.testcases.WebApplicationTestCases"/>
  <testcase name="captureTemp" time="0.564" classname="com.ndtv.testcases.WebApplicationTestCases"/>
</testsuite> <!-- com.ndtv.testcases.WebApplicationTestCases -->
