<?xml version="1.0" encoding="UTF-8"?>
<!-- Generated by org.testng.reporters.JUnitReportReporter -->
<testsuite skipped="0" hostname="DESKTOP-GIJ7VPF" name="com.ndtv.testcases.WebApplicationTestCases" tests="4" failures="0" timestamp="10 Sep 2020 20:12:07 GMT" time="20.504" errors="0">
  <testcase name="launchNDTV" time="11.355" classname="com.ndtv.testcases.WebApplicationTestCases"/>
  <testcase name="validateCityOnMap" time="0.514" classname="com.ndtv.testcases.WebApplicationTestCases"/>
  <testcase name="navigateToWeather" time="8.279" classname="com.ndtv.testcases.WebApplicationTestCases"/>
  <testcase name="captureTemp" time="0.356" classname="com.ndtv.testcases.WebApplicationTestCases"/>
</testsuite> <!-- com.ndtv.testcases.WebApplicationTestCases -->
